<?xml version="1.0" encoding="UTF-8"?>
<!-- Generated by org.testng.reporters.JUnitXMLReporter -->
<testsuite ignored="0" hostname="MAN3-LAPTOP488" failures="0" tests="9" name="Default test" time="182.645" errors="0" timestamp="2023-07-13T19:56:06 SGT">
  <testcase classname="ATS_Wave.WaveRoster" name="hover" time="12.908"/>
  <testcase classname="ATS_Wave.WaveRoster" name="addEmployee" time="13.962"/>
  <testcase classname="ATS_Wave.WaveRoster" name="fillOut" time="15.234"/>
  <testcase classname="ATS_Wave.WaveRoster" name="status" time="34.625"/>
  <testcase classname="ATS_Wave.WaveRoster" name="bell" time="26.396"/>
  <testcase classname="ATS_Wave.WaveRoster" name="act" time="21.638"/>
  <testcase classname="ATS_Wave.WaveRoster" name="hrInfo" time="21.313"/>
  <testcase classname="ATS_Wave.WaveRoster" name="updateStatus" time="25.661"/>
  <testcase classname="ATS_Wave.WaveRoster" name="download" time="10.827"/>
</testsuite> <!-- Default test -->
