<?xml version="1.0" encoding="UTF-8"?>
<testng-results ignored="0" total="9" passed="9" failed="0" skipped="0">
  <reporter-output>
  </reporter-output>
  <suite started-at="2023-07-13T19:53:03 SGT" name="Default suite" finished-at="2023-07-13T19:56:06 SGT" duration-ms="182645">
    <groups>
    </groups>
    <test started-at="2023-07-13T19:53:03 SGT" name="Default test" finished-at="2023-07-13T19:56:06 SGT" duration-ms="182645">
      <class name="ATS_Wave.WaveRoster">
        <test-method signature="hover()[pri:1, instance:ATS_Wave.WaveRoster@36916eb0]" started-at="2023-07-13T19:53:03 SGT" name="hover" finished-at="2023-07-13T19:53:16 SGT" duration-ms="12908" status="PASS">
          <reporter-output>
          </reporter-output>
        </test-method> <!-- hover -->
        <test-method signature="addEmployee()[pri:2, instance:ATS_Wave.WaveRoster@36916eb0]" started-at="2023-07-13T19:53:16 SGT" name="addEmployee" finished-at="2023-07-13T19:53:30 SGT" duration-ms="13962" status="PASS">
          <reporter-output>
          </reporter-output>
        </test-method> <!-- addEmployee -->
        <test-method signature="fillOut()[pri:3, instance:ATS_Wave.WaveRoster@36916eb0]" started-at="2023-07-13T19:53:30 SGT" name="fillOut" finished-at="2023-07-13T19:53:45 SGT" duration-ms="15234" status="PASS">
          <reporter-output>
          </reporter-output>
        </test-method> <!-- fillOut -->
        <test-method signature="status()[pri:4, instance:ATS_Wave.WaveRoster@36916eb0]" started-at="2023-07-13T19:53:45 SGT" name="status" finished-at="2023-07-13T19:54:20 SGT" duration-ms="34625" status="PASS">
          <reporter-output>
          </reporter-output>
        </test-method> <!-- status -->
        <test-method signature="bell()[pri:5, instance:ATS_Wave.WaveRoster@36916eb0]" started-at="2023-07-13T19:54:20 SGT" name="bell" finished-at="2023-07-13T19:54:46 SGT" duration-ms="26396" status="PASS">
          <reporter-output>
          </reporter-output>
        </test-method> <!-- bell -->
        <test-method signature="act()[pri:6, instance:ATS_Wave.WaveRoster@36916eb0]" started-at="2023-07-13T19:54:46 SGT" name="act" finished-at="2023-07-13T19:55:08 SGT" duration-ms="21638" status="PASS">
          <reporter-output>
          </reporter-output>
        </test-method> <!-- act -->
        <test-method signature="hrInfo()[pri:7, instance:ATS_Wave.WaveRoster@36916eb0]" started-at="2023-07-13T19:55:08 SGT" name="hrInfo" finished-at="2023-07-13T19:55:29 SGT" duration-ms="21313" status="PASS">
          <reporter-output>
          </reporter-output>
        </test-method> <!-- hrInfo -->
        <test-method signature="updateStatus()[pri:8, instance:ATS_Wave.WaveRoster@36916eb0]" started-at="2023-07-13T19:55:29 SGT" name="updateStatus" finished-at="2023-07-13T19:55:55 SGT" duration-ms="25661" status="PASS">
          <reporter-output>
          </reporter-output>
        </test-method> <!-- updateStatus -->
        <test-method signature="download()[pri:9, instance:ATS_Wave.WaveRoster@36916eb0]" started-at="2023-07-13T19:55:55 SGT" name="download" finished-at="2023-07-13T19:56:06 SGT" duration-ms="10827" status="PASS">
          <reporter-output>
          </reporter-output>
        </test-method> <!-- download -->
      </class> <!-- ATS_Wave.WaveRoster -->
    </test> <!-- Default test -->
  </suite> <!-- Default suite -->
</testng-results>
